<?xml version="1.0" encoding="UTF-8"?>
<!-- Generated by org.testng.reporters.JUnitReportReporter -->
<testsuite hostname="Avnish-PC" failures="0" tests="1" name="redbus.redbus.TestCase03_invaliduser" time="15.422" errors="0" timestamp="2024-07-23T18:32:45 IST" skipped="0">
  <testcase classname="redbus.redbus.TestCase03_invaliduser" name="invalidcrendetial" time="15.422"/>
  <system-out/>
</testsuite> <!-- redbus.redbus.TestCase03_invaliduser -->
