<?xml version="1.0" encoding="UTF-8"?>
<!-- Generated by org.testng.reporters.JUnitReportReporter -->
<testsuite hostname="Avnish-PC" failures="0" tests="1" name="redbus.redbus.Flight_info_testcas10" time="39.191" errors="0" timestamp="2024-07-23T18:32:45 IST" skipped="0">
  <testcase classname="redbus.redbus.Flight_info_testcas10" name="filghtdetails" time="39.191"/>
  <system-out/>
</testsuite> <!-- redbus.redbus.Flight_info_testcas10 -->
