<?xml version="1.0" encoding="UTF-8"?>
<!-- Generated by org.testng.reporters.JUnitReportReporter -->
<testsuite hostname="Avnish-PC" failures="0" tests="1" name="redbus.redbus.onewaytestcase" time="38.560" errors="0" timestamp="2024-07-23T18:32:45 IST" skipped="0">
  <testcase classname="redbus.redbus.onewaytestcase" name="onewayflow" time="38.560"/>
  <system-out/>
</testsuite> <!-- redbus.redbus.onewaytestcase -->
