<?xml version="1.0" encoding="UTF-8"?>
<!-- Generated by org.testng.reporters.JUnitReportReporter -->
<testsuite hostname="Avnish-PC" failures="0" tests="1" name="testngproject.testingproject.testcase4" time="11.456" errors="0" timestamp="2024-04-11T09:53:42 IST" skipped="0">
  <testcase classname="testngproject.testingproject.testcase4" name="dropdowntestcase4" time="11.456"/>
  <system-out/>
</testsuite> <!-- testngproject.testingproject.testcase4 -->
