<?xml version="1.0" encoding="UTF-8"?>
<!-- Generated by org.testng.reporters.JUnitReportReporter -->
<testsuite hostname="Avnish-PC" failures="0" tests="5" name="dataprovider.fbdataprovider" time="25.808" errors="0" timestamp="2024-04-17T12:20:36 IST" skipped="0">
  <testcase classname="dataprovider.fbdataprovider" name="login_to_fb" time="4.352"/>
  <system-out/>
  <testcase classname="dataprovider.fbdataprovider" name="login_to_fb" time="5.589"/>
  <system-out/>
  <testcase classname="dataprovider.fbdataprovider" name="login_to_fb" time="5.356"/>
  <system-out/>
  <testcase classname="dataprovider.fbdataprovider" name="login_to_fb" time="3.933"/>
  <system-out/>
  <testcase classname="dataprovider.fbdataprovider" name="login_to_fb" time="6.578"/>
  <system-out/>
</testsuite> <!-- dataprovider.fbdataprovider -->
