<?xml version="1.0" encoding="UTF-8"?>
<!-- Generated by org.testng.reporters.JUnitReportReporter -->
<testsuite hostname="Avnish-PC" failures="0" tests="1" name="reporterlog" time="0.015" errors="0" timestamp="2024-04-22T11:23:40 IST" skipped="0">
  <testcase classname="reporterlog" name="testcase" time="0.015"/>
  <system-out>
    <![CDATA[Test case one]]>
  </system-out>
</testsuite> <!-- reporterlog -->
