<?xml version="1.0" encoding="UTF-8"?>
<!-- Generated by org.testng.reporters.JUnitReportReporter -->
<testsuite hostname="Avnish-PC" failures="0" tests="15" name="groupingannotation.testcases" time="0.063" errors="0" timestamp="2024-04-24T12:32:26 IST" skipped="0">
  <testcase classname="groupingannotation.testcases" name="testid_12" time="0.001"/>
  <system-out/>
  <testcase classname="groupingannotation.testcases" name="testid_09" time="0.002"/>
  <system-out/>
  <testcase classname="groupingannotation.testcases" name="tesid_01" time="0.014"/>
  <system-out/>
  <testcase classname="groupingannotation.testcases" name="testid_08" time="0.007"/>
  <system-out/>
  <testcase classname="groupingannotation.testcases" name="testid_06" time="0.003"/>
  <system-out/>
  <testcase classname="groupingannotation.testcases" name="testid_02" time="0.010"/>
  <system-out/>
  <testcase classname="groupingannotation.testcases" name="testid_04" time="0.007"/>
  <system-out/>
  <testcase classname="groupingannotation.testcases" name="testid_11" time="0.000"/>
  <system-out/>
  <testcase classname="groupingannotation.testcases" name="testid_03" time="0.008"/>
  <system-out/>
  <testcase classname="groupingannotation.testcases" name="testid_14" time="0.001"/>
  <system-out/>
  <testcase classname="groupingannotation.testcases" name="testid_07" time="0.003"/>
  <system-out/>
  <testcase classname="groupingannotation.testcases" name="testid_05" time="0.003"/>
  <system-out/>
  <testcase classname="groupingannotation.testcases" name="testid_10" time="0.002"/>
  <system-out/>
  <testcase classname="groupingannotation.testcases" name="testid_13" time="0.001"/>
  <system-out/>
  <testcase classname="groupingannotation.testcases" name="testid_15" time="0.001"/>
  <system-out/>
</testsuite> <!-- groupingannotation.testcases -->
