<?xml version="1.0" encoding="UTF-8"?>
<!-- Generated by org.testng.reporters.JUnitReportReporter -->
<testsuite hostname="Avnish-PC" failures="0" tests="1" name="dataprovider.fbassertion" time="42.597" errors="0" timestamp="2024-04-26T16:16:41 IST" skipped="0">
  <testcase classname="dataprovider.fbassertion" name="fb_login" time="42.597"/>
  <system-out/>
</testsuite> <!-- dataprovider.fbassertion -->
