<?xml version="1.0" encoding="UTF-8"?>
<!-- Generated by org.testng.reporters.JUnitReportReporter -->
<testsuite hostname="Avnish-PC" failures="0" tests="1" name="dataprovider.amezonlogoutassertion" time="14.121" errors="0" timestamp="2024-04-24T15:39:59 IST" skipped="0">
  <testcase classname="dataprovider.amezonlogoutassertion" name="amezoneloginlogoout" time="14.121"/>
  <system-out/>
</testsuite> <!-- dataprovider.amezonlogoutassertion -->
