<?xml version="1.0" encoding="UTF-8"?>
<!-- Generated by org.testng.reporters.JUnitReportReporter -->
<testsuite hostname="Avnish-PC" failures="0" tests="1" name="dataprovider.asssertion" time="0.019" errors="0" timestamp="2024-04-24T13:12:50 IST" skipped="0">
  <testcase classname="dataprovider.asssertion" name="testcase1" time="0.019"/>
  <system-out/>
</testsuite> <!-- dataprovider.asssertion -->
