<?xml version="1.0" encoding="UTF-8"?>
<!-- Generated by org.testng.reporters.JUnitReportReporter -->
<testsuite hostname="Avnish-PC" failures="0" tests="1" name="pomtestpackage.amezonetestcase_amezon" time="7.230" errors="0" timestamp="2024-04-30T11:34:38 IST" skipped="0">
  <testcase classname="pomtestpackage.amezonetestcase_amezon" name="amezone_email" time="7.230"/>
  <system-out/>
</testsuite> <!-- pomtestpackage.amezonetestcase_amezon -->
