<?xml version="1.0" encoding="UTF-8"?>
<!-- Generated by org.testng.reporters.JUnitReportReporter -->
<testsuite hostname="Avnish-PC" failures="0" tests="1" name="dataprovider.tescase1" time="9.171" errors="0" timestamp="2024-04-24T15:01:46 IST" skipped="0">
  <testcase classname="dataprovider.tescase1" name="amezon" time="9.171"/>
  <system-out/>
</testsuite> <!-- dataprovider.tescase1 -->
