<?xml version="1.0" encoding="UTF-8"?>
<!-- Generated by org.testng.reporters.JUnitReportReporter -->
<testsuite hostname="Avnish-PC" failures="0" tests="4" name="dataprovider.sampledataprovider" time="0.022" errors="0" timestamp="2024-05-21T13:16:46 IST" skipped="0">
  <testcase classname="dataprovider.sampledataprovider" name="testcase" time="0.005"/>
  <system-out/>
  <testcase classname="dataprovider.sampledataprovider" name="testcase" time="0.007"/>
  <system-out/>
  <testcase classname="dataprovider.sampledataprovider" name="testcase" time="0.007"/>
  <system-out/>
  <testcase classname="dataprovider.sampledataprovider" name="testcase" time="0.003"/>
  <system-out/>
</testsuite> <!-- dataprovider.sampledataprovider -->
