<?xml version="1.0" encoding="UTF-8"?>
<!-- Generated by org.testng.reporters.JUnitReportReporter -->
<testsuite hostname="Avnish-PC" failures="0" tests="1" name="testngproject.testingproject.testcase3checkbox" time="5.849" errors="0" timestamp="2024-04-11T09:53:42 IST" skipped="0">
  <testcase classname="testngproject.testingproject.testcase3checkbox" name="testcas3checkb" time="5.849"/>
  <system-out/>
</testsuite> <!-- testngproject.testingproject.testcase3checkbox -->
