<?xml version="1.0" encoding="UTF-8"?>
<!-- Generated by org.testng.reporters.JUnitReportReporter -->
<testsuite hostname="Avnish-PC" failures="0" tests="1" name="test$amezonlogint" time="10.111" errors="0" timestamp="2024-04-19T14:53:05 IST" skipped="0">
  <testcase classname="test$amezonlogint" name="testcase1" time="10.111"/>
  <system-out/>
</testsuite> <!-- test$amezonlogint -->
